<?xml version="1.0" encoding="UTF-8"?>
<coverage generated="1651282349586" clover="3.2.0">
  <project timestamp="1651282349586" name="All files">
    <metrics statements="49" coveredstatements="49" conditionals="54" coveredconditionals="53" methods="6" coveredmethods="6" elements="109" coveredelements="108" complexity="0" loc="49" ncloc="49" packages="1" files="1" classes="1"/>
    <file name="index.js" path="/Users/nicholasgeorge/Desktop/ng-code/elixir/git/inr_in_words/index.js">
      <metrics statements="49" coveredstatements="49" conditionals="54" coveredconditionals="53" methods="6" coveredmethods="6"/>
      <line num="1" count="1" type="cond" truecount="2" falsecount="0"/>
      <line num="2" count="12" type="stmt"/>
      <line num="11" count="12" type="stmt"/>
      <line num="12" count="29" type="stmt"/>
      <line num="22" count="29" type="cond" truecount="3" falsecount="1"/>
      <line num="23" count="29" type="cond" truecount="2" falsecount="0"/>
      <line num="24" count="23" type="stmt"/>
      <line num="26" count="6" type="stmt"/>
      <line num="27" count="6" type="stmt"/>
      <line num="28" count="6" type="cond" truecount="2" falsecount="0"/>
      <line num="30" count="29" type="stmt"/>
      <line num="33" count="12" type="stmt"/>
      <line num="34" count="60" type="cond" truecount="2" falsecount="0"/>
      <line num="35" count="60" type="stmt"/>
      <line num="36" count="60" type="cond" truecount="5" falsecount="0"/>
      <line num="37" count="5" type="stmt"/>
      <line num="39" count="55" type="cond" truecount="4" falsecount="0"/>
      <line num="41" count="60" type="cond" truecount="4" falsecount="0"/>
      <line num="42" count="3" type="stmt"/>
      <line num="43" count="3" type="stmt"/>
      <line num="45" count="57" type="cond" truecount="2" falsecount="0"/>
      <line num="48" count="14" type="stmt"/>
      <line num="49" count="56" type="stmt"/>
      <line num="50" count="56" type="cond" truecount="2" falsecount="0"/>
      <line num="51" count="14" type="cond" truecount="2" falsecount="0"/>
      <line num="52" count="4" type="stmt"/>
      <line num="53" count="4" type="stmt"/>
      <line num="54" count="4" type="stmt"/>
      <line num="55" count="4" type="stmt"/>
      <line num="57" count="10" type="cond" truecount="2" falsecount="0"/>
      <line num="58" count="10" type="stmt"/>
      <line num="59" count="10" type="stmt"/>
      <line num="62" count="42" type="cond" truecount="2" falsecount="0"/>
      <line num="63" count="42" type="stmt"/>
      <line num="64" count="42" type="stmt"/>
      <line num="65" count="42" type="cond" truecount="4" falsecount="0"/>
      <line num="66" count="42" type="cond" truecount="4" falsecount="0"/>
      <line num="68" count="56" type="stmt"/>
      <line num="71" count="12" type="cond" truecount="1" falsecount="0"/>
      <line num="72" count="14" type="stmt"/>
      <line num="73" count="14" type="cond" truecount="2" falsecount="0"/>
      <line num="74" count="14" type="cond" truecount="2" falsecount="0"/>
      <line num="75" count="14" type="cond" truecount="2" falsecount="0"/>
      <line num="76" count="4" type="stmt"/>
      <line num="77" count="4" type="stmt"/>
      <line num="78" count="4" type="cond" truecount="2" falsecount="0"/>
      <line num="80" count="14" type="stmt"/>
      <line num="83" count="12" type="cond" truecount="2" falsecount="0"/>
      <line num="84" count="10" type="stmt"/>
    </file>
  </project>
</coverage>
