{"/Users/nicholasgeorge/Desktop/ng-code/elixir/git/inr_in_words/index.js": {"path":"/Users/nicholasgeorge/Desktop/ng-code/elixir/git/inr_in_words/index.js","statementMap":{"0":{"start":{"line":1,"column":17},"end":{"line":85,"column":1}},"1":{"start":{"line":2,"column":50},"end":{"line":9,"column":4}},"2":{"start":{"line":11,"column":19},"end":{"line":31,"column":3}},"3":{"start":{"line":12,"column":23},"end":{"line":12,"column":57}},"4":{"start":{"line":22,"column":12},"end":{"line":22,"column":81}},"5":{"start":{"line":23,"column":4},"end":{"line":29,"column":5}},"6":{"start":{"line":24,"column":6},"end":{"line":24,"column":27}},"7":{"start":{"line":26,"column":31},"end":{"line":26,"column":63}},"8":{"start":{"line":27,"column":6},"end":{"line":27,"column":30}},"9":{"start":{"line":28,"column":6},"end":{"line":28,"column":48}},"10":{"start":{"line":30,"column":4},"end":{"line":30,"column":20}},"11":{"start":{"line":33,"column":17},"end":{"line":46,"column":3}},"12":{"start":{"line":34,"column":19},"end":{"line":34,"column":48}},"13":{"start":{"line":35,"column":14},"end":{"line":35,"column":16}},"14":{"start":{"line":36,"column":4},"end":{"line":40,"column":5}},"15":{"start":{"line":37,"column":6},"end":{"line":37,"column":45}},"16":{"start":{"line":39,"column":6},"end":{"line":39,"column":81}},"17":{"start":{"line":41,"column":4},"end":{"line":44,"column":5}},"18":{"start":{"line":42,"column":6},"end":{"line":42,"column":80}},"19":{"start":{"line":43,"column":6},"end":{"line":43,"column":36}},"20":{"start":{"line":45,"column":4},"end":{"line":45,"column":47}},"21":{"start":{"line":48,"column":21},"end":{"line":69,"column":27}},"22":{"start":{"line":48,"column":36},"end":{"line":69,"column":27}},"23":{"start":{"line":49,"column":16},"end":{"line":49,"column":36}},"24":{"start":{"line":50,"column":4},"end":{"line":67,"column":5}},"25":{"start":{"line":51,"column":6},"end":{"line":60,"column":7}},"26":{"start":{"line":52,"column":8},"end":{"line":52,"column":33}},"27":{"start":{"line":53,"column":19},"end":{"line":53,"column":30}},"28":{"start":{"line":54,"column":8},"end":{"line":54,"column":41}},"29":{"start":{"line":55,"column":8},"end":{"line":55,"column":44}},"30":{"start":{"line":57,"column":8},"end":{"line":57,"column":62}},"31":{"start":{"line":58,"column":8},"end":{"line":58,"column":42}},"32":{"start":{"line":59,"column":8},"end":{"line":59,"column":18}},"33":{"start":{"line":62,"column":6},"end":{"line":62,"column":60}},"34":{"start":{"line":63,"column":6},"end":{"line":63,"column":40}},"35":{"start":{"line":64,"column":6},"end":{"line":64,"column":16}},"36":{"start":{"line":65,"column":6},"end":{"line":65,"column":66}},"37":{"start":{"line":66,"column":6},"end":{"line":66,"column":74}},"38":{"start":{"line":68,"column":4},"end":{"line":68,"column":13}},"39":{"start":{"line":71,"column":15},"end":{"line":81,"column":3}},"40":{"start":{"line":72,"column":21},"end":{"line":72,"column":47}},"41":{"start":{"line":73,"column":4},"end":{"line":73,"column":84}},"42":{"start":{"line":74,"column":4},"end":{"line":74,"column":105}},"43":{"start":{"line":75,"column":4},"end":{"line":79,"column":5}},"44":{"start":{"line":76,"column":21},"end":{"line":76,"column":36}},"45":{"start":{"line":77,"column":6},"end":{"line":77,"column":33}},"46":{"start":{"line":78,"column":6},"end":{"line":78,"column":78}},"47":{"start":{"line":80,"column":4},"end":{"line":80,"column":20}},"48":{"start":{"line":83,"column":2},"end":{"line":83,"column":84}},"49":{"start":{"line":83,"column":27},"end":{"line":83,"column":84}},"50":{"start":{"line":84,"column":2},"end":{"line":84,"column":69}}},"fnMap":{"0":{"name":"(anonymous_0)","decl":{"start":{"line":1,"column":17},"end":{"line":1,"column":18}},"loc":{"start":{"line":1,"column":48},"end":{"line":85,"column":1}},"line":1},"1":{"name":"(anonymous_1)","decl":{"start":{"line":11,"column":19},"end":{"line":11,"column":20}},"loc":{"start":{"line":11,"column":31},"end":{"line":31,"column":3}},"line":11},"2":{"name":"(anonymous_2)","decl":{"start":{"line":33,"column":17},"end":{"line":33,"column":18}},"loc":{"start":{"line":33,"column":40},"end":{"line":46,"column":3}},"line":33},"3":{"name":"(anonymous_3)","decl":{"start":{"line":48,"column":21},"end":{"line":48,"column":22}},"loc":{"start":{"line":48,"column":36},"end":{"line":69,"column":27}},"line":48},"4":{"name":"(anonymous_4)","decl":{"start":{"line":48,"column":47},"end":{"line":48,"column":48}},"loc":{"start":{"line":48,"column":62},"end":{"line":69,"column":3}},"line":48},"5":{"name":"(anonymous_5)","decl":{"start":{"line":71,"column":15},"end":{"line":71,"column":16}},"loc":{"start":{"line":71,"column":41},"end":{"line":81,"column":3}},"line":71}},"branchMap":{"0":{"loc":{"start":{"line":1,"column":21},"end":{"line":1,"column":29}},"type":"default-arg","locations":[{"start":{"line":1,"column":26},"end":{"line":1,"column":29}}],"line":1},"1":{"loc":{"start":{"line":1,"column":31},"end":{"line":1,"column":43}},"type":"default-arg","locations":[{"start":{"line":1,"column":36},"end":{"line":1,"column":43}}],"line":1},"2":{"loc":{"start":{"line":22,"column":12},"end":{"line":22,"column":81}},"type":"cond-expr","locations":[{"start":{"line":22,"column":23},"end":{"line":22,"column":75}},{"start":{"line":22,"column":79},"end":{"line":22,"column":81}}],"line":22},"3":{"loc":{"start":{"line":22,"column":42},"end":{"line":22,"column":74}},"type":"cond-expr","locations":[{"start":{"line":22,"column":58},"end":{"line":22,"column":69}},{"start":{"line":22,"column":72},"end":{"line":22,"column":74}}],"line":22},"4":{"loc":{"start":{"line":23,"column":4},"end":{"line":29,"column":5}},"type":"if","locations":[{"start":{"line":23,"column":4},"end":{"line":29,"column":5}},{"start":{"line":25,"column":11},"end":{"line":29,"column":5}}],"line":23},"5":{"loc":{"start":{"line":28,"column":11},"end":{"line":28,"column":47}},"type":"cond-expr","locations":[{"start":{"line":28,"column":24},"end":{"line":28,"column":42}},{"start":{"line":28,"column":45},"end":{"line":28,"column":47}}],"line":28},"6":{"loc":{"start":{"line":34,"column":19},"end":{"line":34,"column":48}},"type":"cond-expr","locations":[{"start":{"line":34,"column":32},"end":{"line":34,"column":44}},{"start":{"line":34,"column":47},"end":{"line":34,"column":48}}],"line":34},"7":{"loc":{"start":{"line":36,"column":4},"end":{"line":40,"column":5}},"type":"if","locations":[{"start":{"line":36,"column":4},"end":{"line":40,"column":5}},{"start":{"line":38,"column":11},"end":{"line":40,"column":5}}],"line":36},"8":{"loc":{"start":{"line":36,"column":8},"end":{"line":36,"column":73}},"type":"binary-expr","locations":[{"start":{"line":36,"column":8},"end":{"line":36,"column":16}},{"start":{"line":36,"column":20},"end":{"line":36,"column":35}},{"start":{"line":36,"column":39},"end":{"line":36,"column":73}}],"line":36},"9":{"loc":{"start":{"line":39,"column":12},"end":{"line":39,"column":80}},"type":"cond-expr","locations":[{"start":{"line":39,"column":39},"end":{"line":39,"column":41}},{"start":{"line":39,"column":44},"end":{"line":39,"column":80}}],"line":39},"10":{"loc":{"start":{"line":39,"column":12},"end":{"line":39,"column":36}},"type":"binary-expr","locations":[{"start":{"line":39,"column":12},"end":{"line":39,"column":21}},{"start":{"line":39,"column":25},"end":{"line":39,"column":36}}],"line":39},"11":{"loc":{"start":{"line":41,"column":4},"end":{"line":44,"column":5}},"type":"if","locations":[{"start":{"line":41,"column":4},"end":{"line":44,"column":5}},{"start":{},"end":{}}],"line":41},"12":{"loc":{"start":{"line":41,"column":8},"end":{"line":41,"column":64}},"type":"binary-expr","locations":[{"start":{"line":41,"column":8},"end":{"line":41,"column":45}},{"start":{"line":41,"column":49},"end":{"line":41,"column":64}}],"line":41},"13":{"loc":{"start":{"line":45,"column":18},"end":{"line":45,"column":39}},"type":"cond-expr","locations":[{"start":{"line":45,"column":31},"end":{"line":45,"column":34}},{"start":{"line":45,"column":37},"end":{"line":45,"column":39}}],"line":45},"14":{"loc":{"start":{"line":50,"column":4},"end":{"line":67,"column":5}},"type":"if","locations":[{"start":{"line":50,"column":4},"end":{"line":67,"column":5}},{"start":{"line":61,"column":11},"end":{"line":67,"column":5}}],"line":50},"15":{"loc":{"start":{"line":51,"column":6},"end":{"line":60,"column":7}},"type":"if","locations":[{"start":{"line":51,"column":6},"end":{"line":60,"column":7}},{"start":{"line":56,"column":13},"end":{"line":60,"column":7}}],"line":51},"16":{"loc":{"start":{"line":57,"column":19},"end":{"line":57,"column":61}},"type":"cond-expr","locations":[{"start":{"line":57,"column":29},"end":{"line":57,"column":56}},{"start":{"line":57,"column":59},"end":{"line":57,"column":61}}],"line":57},"17":{"loc":{"start":{"line":62,"column":17},"end":{"line":62,"column":59}},"type":"cond-expr","locations":[{"start":{"line":62,"column":27},"end":{"line":62,"column":54}},{"start":{"line":62,"column":57},"end":{"line":62,"column":59}}],"line":62},"18":{"loc":{"start":{"line":65,"column":17},"end":{"line":65,"column":65}},"type":"cond-expr","locations":[{"start":{"line":65,"column":43},"end":{"line":65,"column":60}},{"start":{"line":65,"column":63},"end":{"line":65,"column":65}}],"line":65},"19":{"loc":{"start":{"line":65,"column":17},"end":{"line":65,"column":40}},"type":"binary-expr","locations":[{"start":{"line":65,"column":17},"end":{"line":65,"column":32}},{"start":{"line":65,"column":36},"end":{"line":65,"column":40}}],"line":65},"20":{"loc":{"start":{"line":66,"column":13},"end":{"line":66,"column":73}},"type":"cond-expr","locations":[{"start":{"line":66,"column":39},"end":{"line":66,"column":66}},{"start":{"line":66,"column":69},"end":{"line":66,"column":73}}],"line":66},"21":{"loc":{"start":{"line":66,"column":13},"end":{"line":66,"column":36}},"type":"binary-expr","locations":[{"start":{"line":66,"column":13},"end":{"line":66,"column":28}},{"start":{"line":66,"column":32},"end":{"line":66,"column":36}}],"line":66},"22":{"loc":{"start":{"line":71,"column":23},"end":{"line":71,"column":35}},"type":"default-arg","locations":[{"start":{"line":71,"column":31},"end":{"line":71,"column":35}}],"line":71},"23":{"loc":{"start":{"line":73,"column":18},"end":{"line":73,"column":83}},"type":"cond-expr","locations":[{"start":{"line":73,"column":47},"end":{"line":73,"column":58}},{"start":{"line":73,"column":61},"end":{"line":73,"column":83}}],"line":73},"24":{"loc":{"start":{"line":74,"column":22},"end":{"line":74,"column":96}},"type":"cond-expr","locations":[{"start":{"line":74,"column":54},"end":{"line":74,"column":68}},{"start":{"line":74,"column":71},"end":{"line":74,"column":96}}],"line":74},"25":{"loc":{"start":{"line":75,"column":4},"end":{"line":79,"column":5}},"type":"if","locations":[{"start":{"line":75,"column":4},"end":{"line":79,"column":5}},{"start":{},"end":{}}],"line":75},"26":{"loc":{"start":{"line":78,"column":57},"end":{"line":78,"column":70}},"type":"cond-expr","locations":[{"start":{"line":78,"column":62},"end":{"line":78,"column":65}},{"start":{"line":78,"column":68},"end":{"line":78,"column":70}}],"line":78},"27":{"loc":{"start":{"line":83,"column":2},"end":{"line":83,"column":84}},"type":"if","locations":[{"start":{"line":83,"column":2},"end":{"line":83,"column":84}},{"start":{},"end":{}}],"line":83}},"s":{"0":1,"1":12,"2":12,"3":29,"4":29,"5":29,"6":23,"7":6,"8":6,"9":6,"10":29,"11":12,"12":60,"13":60,"14":60,"15":5,"16":55,"17":60,"18":3,"19":3,"20":57,"21":12,"22":14,"23":56,"24":56,"25":14,"26":4,"27":4,"28":4,"29":4,"30":10,"31":10,"32":10,"33":42,"34":42,"35":42,"36":42,"37":42,"38":56,"39":12,"40":14,"41":14,"42":14,"43":14,"44":4,"45":4,"46":4,"47":14,"48":12,"49":2,"50":10},"f":{"0":12,"1":29,"2":60,"3":14,"4":56,"5":14},"b":{"0":[9],"1":[10],"2":[1,28],"3":[1,0],"4":[23,6],"5":[4,2],"6":[28,32],"7":[5,55],"8":[60,48,14],"9":[18,37],"10":[55,31],"11":[3,57],"12":[60,7],"13":[25,32],"14":[14,42],"15":[4,10],"16":[2,8],"17":[19,23],"18":[4,38],"19":[42,14],"20":[4,38],"21":[42,14],"22":[4],"23":[5,9],"24":[5,9],"25":[4,10],"26":[3,1],"27":[2,10]},"_coverageSchema":"1a1c01bbd47fc00a2c39e90264f33305004495a9","hash":"7c2250092377dac2450c90beb50da696a512d39c"}
}
