{"total": {"lines":{"total":46,"covered":46,"skipped":0,"pct":100},"statements":{"total":49,"covered":49,"skipped":0,"pct":100},"functions":{"total":7,"covered":7,"skipped":0,"pct":100},"branches":{"total":60,"covered":59,"skipped":0,"pct":98.33},"branchesTrue":{"total":0,"covered":0,"skipped":0,"pct":"Unknown"}}
,"/Users/nicholasgeorge/Desktop/ng-code/elixir/git/inr_in_words/index.js": {"lines":{"total":46,"covered":46,"skipped":0,"pct":100},"functions":{"total":7,"covered":7,"skipped":0,"pct":100},"statements":{"total":49,"covered":49,"skipped":0,"pct":100},"branches":{"total":60,"covered":59,"skipped":0,"pct":98.33}}
}
