{"total": {"lines":{"total":50,"covered":50,"skipped":0,"pct":100},"statements":{"total":53,"covered":53,"skipped":0,"pct":100},"functions":{"total":7,"covered":7,"skipped":0,"pct":100},"branches":{"total":56,"covered":55,"skipped":0,"pct":98.21},"branchesTrue":{"total":0,"covered":0,"skipped":0,"pct":"Unknown"}}
,"/Users/nicholasgeorge/Desktop/ng-code/elixir/git/inr_in_words/index.js": {"lines":{"total":50,"covered":50,"skipped":0,"pct":100},"functions":{"total":7,"covered":7,"skipped":0,"pct":100},"statements":{"total":53,"covered":53,"skipped":0,"pct":100},"branches":{"total":56,"covered":55,"skipped":0,"pct":98.21}}
}
