TN:
SF:index.js
FN:1,(anonymous_0)
FN:11,(anonymous_1)
FN:24,(anonymous_2)
FN:39,(anonymous_3)
FN:39,(anonymous_4)
FN:62,(anonymous_5)
FN:75,(anonymous_6)
FNF:7
FNH:7
FNDA:13,(anonymous_0)
FNDA:30,(anonymous_1)
FNDA:64,(anonymous_2)
FNDA:15,(anonymous_3)
FNDA:60,(anonymous_4)
FNDA:15,(anonymous_5)
FNDA:11,(anonymous_6)
DA:1,1
DA:2,13
DA:11,13
DA:12,30
DA:13,30
DA:14,30
DA:15,24
DA:17,6
DA:18,6
DA:19,6
DA:21,30
DA:24,13
DA:25,64
DA:26,64
DA:27,64
DA:28,5
DA:30,59
DA:32,64
DA:33,3
DA:34,3
DA:36,61
DA:39,15
DA:40,60
DA:41,60
DA:42,15
DA:43,4
DA:44,4
DA:45,4
DA:46,4
DA:48,11
DA:49,11
DA:50,11
DA:53,45
DA:54,45
DA:55,45
DA:56,45
DA:57,45
DA:59,60
DA:62,13
DA:63,15
DA:64,15
DA:65,15
DA:66,15
DA:67,4
DA:68,4
DA:69,4
DA:71,15
DA:75,13
DA:76,13
DA:77,11
LF:50
LH:50
BRDA:1,0,0,10
BRDA:1,1,0,11
BRDA:13,2,0,2
BRDA:13,2,1,28
BRDA:13,3,0,2
BRDA:13,3,1,0
BRDA:14,4,0,24
BRDA:14,4,1,6
BRDA:19,5,0,4
BRDA:19,5,1,2
BRDA:25,6,0,31
BRDA:25,6,1,33
BRDA:27,7,0,5
BRDA:27,7,1,59
BRDA:27,8,0,64
BRDA:27,8,1,51
BRDA:27,8,2,15
BRDA:30,9,0,18
BRDA:30,9,1,41
BRDA:30,10,0,59
BRDA:30,10,1,34
BRDA:32,11,0,3
BRDA:32,11,1,61
BRDA:32,12,0,64
BRDA:32,12,1,7
BRDA:36,13,0,28
BRDA:36,13,1,33
BRDA:41,14,0,15
BRDA:41,14,1,45
BRDA:42,15,0,4
BRDA:42,15,1,11
BRDA:48,16,0,3
BRDA:48,16,1,8
BRDA:53,17,0,19
BRDA:53,17,1,26
BRDA:56,18,0,4
BRDA:56,18,1,41
BRDA:56,19,0,45
BRDA:56,19,1,15
BRDA:57,20,0,4
BRDA:57,20,1,41
BRDA:57,21,0,45
BRDA:57,21,1,15
BRDA:62,22,0,4
BRDA:64,23,0,5
BRDA:64,23,1,10
BRDA:65,24,0,4
BRDA:65,24,1,11
BRDA:65,25,0,15
BRDA:65,25,1,14
BRDA:66,26,0,4
BRDA:66,26,1,11
BRDA:69,27,0,3
BRDA:69,27,1,1
BRDA:76,28,0,2
BRDA:76,28,1,11
BRF:56
BRH:55
end_of_record
