TN:
SF:index.js
FN:1,(anonymous_0)
FN:11,(anonymous_1)
FN:25,(anonymous_2)
FN:40,(anonymous_3)
FN:40,(anonymous_4)
FN:63,(anonymous_5)
FN:76,(anonymous_6)
FNF:7
FNH:7
FNDA:14,(anonymous_0)
FNDA:30,(anonymous_1)
FNDA:68,(anonymous_2)
FNDA:16,(anonymous_3)
FNDA:64,(anonymous_4)
FNDA:16,(anonymous_5)
FNDA:12,(anonymous_6)
DA:1,1
DA:2,14
DA:11,14
DA:12,30
DA:13,30
DA:15,30
DA:16,24
DA:18,6
DA:19,6
DA:20,6
DA:22,30
DA:25,14
DA:26,68
DA:27,68
DA:28,68
DA:29,5
DA:31,63
DA:33,68
DA:34,3
DA:35,3
DA:37,65
DA:40,16
DA:41,64
DA:42,64
DA:43,16
DA:44,4
DA:45,4
DA:46,4
DA:47,4
DA:49,12
DA:50,12
DA:51,12
DA:54,48
DA:55,48
DA:56,48
DA:57,48
DA:58,48
DA:60,64
DA:63,14
DA:64,16
DA:65,16
DA:66,16
DA:67,16
DA:68,16
DA:69,4
DA:70,4
DA:71,4
DA:73,16
DA:76,14
DA:78,14
DA:79,12
LF:51
LH:51
BRDA:1,0,0,11
BRDA:1,1,0,12
BRDA:13,2,0,2
BRDA:13,2,1,28
BRDA:13,3,0,2
BRDA:13,3,1,0
BRDA:15,4,0,24
BRDA:15,4,1,6
BRDA:20,5,0,4
BRDA:20,5,1,2
BRDA:26,6,0,31
BRDA:26,6,1,37
BRDA:28,7,0,5
BRDA:28,7,1,63
BRDA:28,8,0,68
BRDA:28,8,1,55
BRDA:28,8,2,16
BRDA:31,9,0,22
BRDA:31,9,1,41
BRDA:31,10,0,63
BRDA:31,10,1,38
BRDA:33,11,0,3
BRDA:33,11,1,65
BRDA:33,12,0,68
BRDA:33,12,1,7
BRDA:37,13,0,28
BRDA:37,13,1,37
BRDA:42,14,0,16
BRDA:42,14,1,48
BRDA:43,15,0,4
BRDA:43,15,1,12
BRDA:49,16,0,3
BRDA:49,16,1,9
BRDA:54,17,0,19
BRDA:54,17,1,29
BRDA:57,18,0,4
BRDA:57,18,1,44
BRDA:57,19,0,48
BRDA:57,19,1,16
BRDA:58,20,0,4
BRDA:58,20,1,44
BRDA:58,21,0,48
BRDA:58,21,1,16
BRDA:63,22,0,4
BRDA:65,23,0,15
BRDA:65,23,1,1
BRDA:66,24,0,5
BRDA:66,24,1,11
BRDA:67,25,0,4
BRDA:67,25,1,12
BRDA:67,26,0,16
BRDA:67,26,1,15
BRDA:68,27,0,4
BRDA:68,27,1,12
BRDA:71,28,0,3
BRDA:71,28,1,1
BRDA:76,29,0,11
BRDA:76,29,1,1
BRDA:78,30,0,2
BRDA:78,30,1,12
BRF:60
BRH:59
end_of_record
